[debug] [2024-11-22T16:47:00.974Z] ----------------------------------------------------------------------
[debug] [2024-11-22T16:47:00.977Z] Command:       C:\Program Files\nodejs\node.exe D:\Users\Iriome\AppData\Roaming\npm\node_modules\firebase-tools\lib\bin\firebase.js init
[debug] [2024-11-22T16:47:00.977Z] CLI Version:   13.27.0
[debug] [2024-11-22T16:47:00.977Z] Platform:      win32
[debug] [2024-11-22T16:47:00.978Z] Node Version:  v22.11.0
[debug] [2024-11-22T16:47:00.978Z] Time:          Fri Nov 22 2024 16:47:00 GMT+0000 (hora estándar de Europa occidental)
[debug] [2024-11-22T16:47:00.978Z] ----------------------------------------------------------------------
[debug] 
[debug] [2024-11-22T16:47:00.988Z] > command requires scopes: ["email","openid","https://www.googleapis.com/auth/cloudplatformprojects.readonly","https://www.googleapis.com/auth/firebase","https://www.googleapis.com/auth/cloud-platform"]
[debug] [2024-11-22T16:47:00.988Z] > authorizing via signed-in user (iriomejered@gmail.com)
[info] 
     ######## #### ########  ######## ########     ###     ######  ########
     ##        ##  ##     ## ##       ##     ##  ##   ##  ##       ##
     ######    ##  ########  ######   ########  #########  ######  ######
     ##        ##  ##    ##  ##       ##     ## ##     ##       ## ##
     ##       #### ##     ## ######## ########  ##     ##  ######  ########

You're about to initialize a Firebase project in this directory:

  D:\PROYECTO LND

Before we get started, keep in mind:

  * You are currently outside your home directory

[info] 
=== Project Setup
[info] 
[info] First, let's associate this project directory with a Firebase project.
[info] You can create multiple project aliases by running firebase use --add, 
[info] but for now we'll just set up a default project.
[info] 
[debug] [2024-11-22T16:48:15.162Z] Checked if tokens are valid: true, expires at: 1732297611338
[debug] [2024-11-22T16:48:15.162Z] Checked if tokens are valid: true, expires at: 1732297611338
[debug] [2024-11-22T16:48:15.163Z] >>> [apiv2][query] GET https://firebase.googleapis.com/v1beta1/projects pageSize=100
[debug] [2024-11-22T16:48:15.745Z] <<< [apiv2][status] GET https://firebase.googleapis.com/v1beta1/projects 200
[debug] [2024-11-22T16:48:15.745Z] <<< [apiv2][body] GET https://firebase.googleapis.com/v1beta1/projects [omitted]
[info] i  Using project entrega-3-lnd-65712 (ENTREGA-3-LND) 
[info] 
=== Hosting Setup
[debug] [2024-11-22T16:48:23.879Z] Checked if tokens are valid: true, expires at: 1732297611338
[debug] [2024-11-22T16:48:23.879Z] Checked if tokens are valid: true, expires at: 1732297611338
[debug] [2024-11-22T16:48:23.879Z] >>> [apiv2][query] GET https://firebase.googleapis.com/v1beta1/projects/entrega-3-lnd-65712 [none]
[debug] [2024-11-22T16:48:24.220Z] <<< [apiv2][status] GET https://firebase.googleapis.com/v1beta1/projects/entrega-3-lnd-65712 200
[debug] [2024-11-22T16:48:24.220Z] <<< [apiv2][body] GET https://firebase.googleapis.com/v1beta1/projects/entrega-3-lnd-65712 {"projectId":"entrega-3-lnd-65712","projectNumber":"156210517621","displayName":"ENTREGA-3-LND","name":"projects/entrega-3-lnd-65712","resources":{"hostingSite":"entrega-3-lnd-65712"},"state":"ACTIVE","etag":"1_04379ed8-3b90-4a99-9dfe-82b5de77b1dd"}
[info] 
[info] Your public directory is the folder (relative to your project directory) that
[info] will contain Hosting assets to be uploaded with firebase deploy. If you
[info] have a build process for your assets, use your build's output directory.
[info] 
[debug] [2024-11-22T16:49:43.711Z] >>> [apiv2][query] GET https://www.gstatic.com/firebasejs/releases.json [none]
[debug] [2024-11-22T16:49:43.882Z] <<< [apiv2][status] GET https://www.gstatic.com/firebasejs/releases.json 200
[debug] [2024-11-22T16:49:43.883Z] <<< [apiv2][body] GET https://www.gstatic.com/firebasejs/releases.json {"current":{"version":"11.0.2","browserURL":"https://www.gstatic.com/firebasejs/11.0.2/firebase.js","packageURL":"https://www.gstatic.com/firebasejs/11.0.2/firebase.tgz"},"live":{"version":"11.0","browserURL":"https://www.gstatic.com/firebasejs/live/11.0/firebase.js","packageURL":"https://www.gstatic.com/firebasejs/live/11.0/firebase.tgz"},"components":{"analytics":"https://www.gstatic.com/firebasejs/11.0.2/firebase-analytics.js","app":"https://www.gstatic.com/firebasejs/11.0.2/firebase-app.js","app-check":"https://www.gstatic.com/firebasejs/11.0.2/firebase-app-check.js","auth":"https://www.gstatic.com/firebasejs/11.0.2/firebase-auth.js","auth/cordova":"https://www.gstatic.com/firebasejs/11.0.2/firebase-auth/cordova.js","auth/web-extension":"https://www.gstatic.com/firebasejs/11.0.2/firebase-auth/web-extension.js","functions":"https://www.gstatic.com/firebasejs/11.0.2/firebase-functions.js","firestore":"https://www.gstatic.com/firebasejs/11.0.2/firebase-firestore.js","firestore/lite":"https://www.gstatic.com/firebasejs/11.0.2/firebase-firestore/lite.js","installations":"https://www.gstatic.com/firebasejs/11.0.2/firebase-installations.js","storage":"https://www.gstatic.com/firebasejs/11.0.2/firebase-storage.js","performance":"https://www.gstatic.com/firebasejs/11.0.2/firebase-performance.js","remote-config":"https://www.gstatic.com/firebasejs/11.0.2/firebase-remote-config.js","messaging":"https://www.gstatic.com/firebasejs/11.0.2/firebase-messaging.js","messaging/sw":"https://www.gstatic.com/firebasejs/11.0.2/firebase-messaging/sw.js","database":"https://www.gstatic.com/firebasejs/11.0.2/firebase-database.js","vertexai":"https://www.gstatic.com/firebasejs/11.0.2/firebase-vertexai.js","data-connect":"https://www.gstatic.com/firebasejs/11.0.2/firebase-data-connect.js","firestore.memory":"https://www.gstatic.com/firebasejs/11.0.2/firebase-firestore.memory.js"}}
[info] +  Wrote (public)/index.html 
[info] 
[info] i  Detected a .git folder at D:\PROYECTO LND 
[info] i  Authorizing with GitHub to upload your service account to a GitHub repository's secrets store. 
[info] 
[info] Visit this URL on this device to log in:
[info] https://github.com/login/oauth/authorize?client_id=89cf50f02ac6aaed3484&state=680676384&redirect_uri=http%3A%2F%2Flocalhost%3A9005&scope=read%3Auser%20repo%20public_repo
[info] 
[info] Waiting for authentication...
